<?xml version="1.0" encoding="UTF-8"?>
<testng-results ignored="0" total="2" passed="2" failed="0" skipped="0">
  <reporter-output>
  </reporter-output>
  <suite started-at="2022-10-13T06:30:24 IST" name="Default suite" finished-at="2022-10-13T06:30:24 IST" duration-ms="67">
    <groups>
    </groups>
    <test started-at="2022-10-13T06:30:24 IST" name="Default test" finished-at="2022-10-13T06:30:24 IST" duration-ms="67">
      <class name="assertionSample.HardAssertSampleTest">
        <test-method signature="createProjectTestr()[pri:0, instance:assertionSample.HardAssertSampleTest@71def8f8]" started-at="2022-10-13T06:30:24 IST" name="createProjectTestr" finished-at="2022-10-13T06:30:24 IST" duration-ms="18" status="PASS">
          <reporter-output>
          </reporter-output>
        </test-method> <!-- createProjectTestr -->
        <test-method signature="updateProjectTestr()[pri:0, instance:assertionSample.HardAssertSampleTest@71def8f8]" started-at="2022-10-13T06:30:24 IST" name="updateProjectTestr" finished-at="2022-10-13T06:30:24 IST" duration-ms="0" status="PASS">
          <reporter-output>
          </reporter-output>
        </test-method> <!-- updateProjectTestr -->
      </class> <!-- assertionSample.HardAssertSampleTest -->
    </test> <!-- Default test -->
  </suite> <!-- Default suite -->
</testng-results>
